<!DOCTYPE html PUBLIC "-//W3C//DTD XHTML 1.1//EN" "https://www.w3.org/TR/xhtml11/DTD/xhtml11.dtd">
<html xmlns="https://www.w3.org/1999/xhtml">
<head>
<meta charset='utf-8'>
<title>TestNG Report</title>
<style type="text/css">
table {margin-bottom:10px;border-collapse:collapse;empty-cells:show}
td,th {border:1px solid #009;padding:.25em .5em}
.result th {vertical-align:bottom}
.param th {padding-left:1em;padding-right:1em}
.param td {padding-left:.5em;padding-right:2em}
.stripe td,.stripe th {background-color: #E6EBF9}
.numi,.numi_attn {text-align:right}
.total td {font-weight:bold}
.passedodd td {background-color: #0A0}
.passedeven td {background-color: #3F3}
.skippedodd td {background-color: #CCC}
.skippedodd td {background-color: #DDD}
.failedodd td,.numi_attn {background-color: #F33}
.failedeven td,.stripe .numi_attn {background-color: #D00}
.stacktrace {white-space:pre;font-family:monospace}
.totop {font-size:85%;text-align:center;border-bottom:2px solid #000}
</style>
</head>
<body>
<table cellspacing="0" cellpadding="0" class="testOverview">
<tr><th>Test</th><th>Methods<br/>Passed</th><th>Scenarios<br/>Passed</th><th># skipped</th><th># failed</th><th>Total<br/>Time</th><th>Included<br/>Groups</th><th>Excluded<br/>Groups</th></tr>
<tr><th colspan="8">Demo listners</th></tr>
<tr><td style="text-align:left;padding-right:2em"><a href="#t1">listners check</a></td><td class="numi">3</td><td class="numi">3</td><td class="numi_attn">1</td><td class="numi_attn">1</td><td class="numi">0.0 seconds</td><td class="numi"></td><td class="numi"></td></tr>
<tr><th colspan="8">Parameterised Test cases Test Suit</th></tr>
<tr><td style="text-align:left;padding-right:2em"><a href="#t2">Parameterised tests</a></td><td class="numi">2</td><td class="numi">2</td><td class="numi">0</td><td class="numi">0</td><td class="numi">0.0 seconds</td><td class="numi"></td><td class="numi"></td></tr>
<tr><th colspan="8">Grouping</th></tr>
<tr><td style="text-align:left;padding-right:2em"><a href="#t3">group wise execution</a></td><td class="numi">3</td><td class="numi">3</td><td class="numi">0</td><td class="numi">0</td><td class="numi">0.0 seconds</td><td class="numi">Sanity </td><td class="numi"></td></tr>
<tr><th colspan="8">Multi Suits execution</th></tr>
<tr><th colspan="8">All Test Suite</th></tr>
<tr><td style="text-align:left;padding-right:2em"><a href="#t4">group wise execution</a></td><td class="numi">5</td><td class="numi">5</td><td class="numi">0</td><td class="numi">0</td><td class="numi">0.0 seconds</td><td class="numi">Regression </td><td class="numi"></td></tr>
<tr class="stripe"><td style="text-align:left;padding-right:2em"><a href="#t5">all class execution</a></td><td class="numi">9</td><td class="numi">9</td><td class="numi_attn">1</td><td class="numi_attn">2</td><td class="numi">0.0 seconds</td><td class="numi"></td><td class="numi"></td></tr>
<tr class="total"><td>Total</td>
<td class="numi">22</td><td class="numi">22</td><td class="numi_attn">2</td><td class="numi_attn">3</td><td class="numi">0.1 seconds</td><td colspan="2">&nbsp;</td></tr>
</table>
<table cellspacing="0" cellpadding="0" class="methodOverview" id="summary">
<tr><th>Class</th><th>Method</th><th># of<br/>Scenarios</th><th>Start</th><th>Time<br/>(ms)</th></tr>
<tr><th colspan="5">Demo listners</th></tr>
<tr id="t1"><th colspan="5">listners check &#8212; failed</th></tr>
<tr class="failedodd"><td>DemoListners.ListnedTestCases</td><td><a href="#m1"><b>FailCase</b>  </a></td><td class="numi">1</td><td>1654747318828</td><td class="numi">0</td></tr>
<tr><th colspan="5">listners check &#8212; skipped</th></tr>
<tr class="skippedodd"><td>DemoListners.ListnedTestCases</td><td><a href="#m2"><b>SkippedCase</b>  </a></td><td class="numi">1</td><td>1654747318831</td><td class="numi">1</td></tr>
<tr><th colspan="5">listners check &#8212; passed</th></tr>
<tr class="passedodd"><td rowspan="3">DemoListners.ListnedTestCases</td><td><a href="#m3"><b>DtProvide</b>  </a></td><td class="numi">2</td><td>1654747318833</td><td class="numi">2</td></tr><tr class="passedodd"><td><a href="#m4"><b>DtProvide</b>  </a></td><td class="numi">2</td><td>1654747318833</td><td class="numi">2</td></tr><tr class="passedodd"><td><a href="#m5"><b>SuccessCase</b>  </a></td><td class="numi">1</td><td>1654747318828</td><td class="numi">0</td></tr>
<tr><th colspan="5">Parameterised Test cases Test Suit</th></tr>
<tr id="t2"><th colspan="5">Parameterised tests &#8212; passed</th></tr>
<tr class="passedodd"><td rowspan="2">ParameterAnnotataion</td><td><a href="#m6"><b>login</b>  </a></td><td class="numi">1</td><td>1654747318821</td><td class="numi">1</td></tr><tr class="passedodd"><td><a href="#m7"><b>Product</b>  </a></td><td class="numi">1</td><td>1654747318824</td><td class="numi">0</td></tr>
<tr><th colspan="5">Grouping</th></tr>
<tr id="t3"><th colspan="5">group wise execution &#8212; passed</th></tr>
<tr class="passedodd"><td rowspan="3">Grouping</td><td><a href="#m8"><b>t5</b> (Sanity, Regression) </a></td><td class="numi">1</td><td>1654747318827</td><td class="numi">0</td></tr><tr class="passedodd"><td><a href="#m9"><b>t3</b> (Sanity) </a></td><td class="numi">1</td><td>1654747318826</td><td class="numi">0</td></tr><tr class="passedodd"><td><a href="#m10"><b>t4</b> (Sanity) </a></td><td class="numi">1</td><td>1654747318826</td><td class="numi">0</td></tr>
<tr><th colspan="5">Multi Suits execution</th></tr>
<tr><th colspan="5">All Test Suite</th></tr>
<tr id="t4"><th colspan="5">group wise execution &#8212; passed</th></tr>
<tr class="passedodd"><td>TestCases2</td><td><a href="#m11"><b>TC1</b> (Regression) </a></td><td class="numi">1</td><td>1654747318792</td><td class="numi">0</td></tr>
<tr class="passedeven"><td rowspan="3">Assertion</td><td><a href="#m12"><b>t1</b> (Regression) </a></td><td class="numi">1</td><td>1654747318773</td><td class="numi">11</td></tr><tr class="passedeven"><td><a href="#m13"><b>t2</b> (Regression) </a></td><td class="numi">1</td><td>1654747318788</td><td class="numi">0</td></tr><tr class="passedeven"><td><a href="#m14"><b>t5</b> (Sanity, Regression) </a></td><td class="numi">1</td><td>1654747318789</td><td class="numi">0</td></tr>
<tr class="passedodd"><td>TestCases</td><td><a href="#m15"><b>test1</b> (Regression) </a></td><td class="numi">1</td><td>1654747318791</td><td class="numi">0</td></tr>
<tr id="t5"><th colspan="5">all class execution &#8212; failed</th></tr>
<tr class="failedodd"><td rowspan="2">SoftAssertion</td><td><a href="#m16"><b>sat2</b>  </a></td><td class="numi">1</td><td>1654747318810</td><td class="numi">1</td></tr><tr class="failedodd"><td><a href="#m17"><b>sat1</b>  </a></td><td class="numi">1</td><td>1654747318801</td><td class="numi">4</td></tr>
<tr><th colspan="5">all class execution &#8212; skipped</th></tr>
<tr class="skippedodd"><td>SkipTestCases</td><td><a href="#m18"><b>SkipMethod2</b> (Sanity) </a></td><td class="numi">1</td><td>1654747318816</td><td class="numi">1</td></tr>
<tr><th colspan="5">all class execution &#8212; passed</th></tr>
<tr class="passedodd"><td rowspan="2">Assertion</td><td><a href="#m19"><b>t5</b> (Sanity, Regression) </a></td><td class="numi">1</td><td>1654747318800</td><td class="numi">0</td></tr><tr class="passedodd"><td><a href="#m20"><b>t1</b> (Regression) </a></td><td class="numi">1</td><td>1654747318796</td><td class="numi">1</td></tr>
<tr class="passedeven"><td>TestCases2</td><td><a href="#m21"><b>TC2</b> (Sanity) </a></td><td class="numi">1</td><td>1654747318816</td><td class="numi">0</td></tr>
<tr class="passedodd"><td rowspan="2">Assertion</td><td><a href="#m22"><b>t2</b> (Regression) </a></td><td class="numi">1</td><td>1654747318797</td><td class="numi">1</td></tr><tr class="passedodd"><td><a href="#m23"><b>t3</b> (Sanity) </a></td><td class="numi">1</td><td>1654747318798</td><td class="numi">1</td></tr>
<tr class="passedeven"><td>TestCases2</td><td><a href="#m24"><b>TC1</b> (Regression) </a></td><td class="numi">1</td><td>1654747318815</td><td class="numi">0</td></tr>
<tr class="passedodd"><td>TestCases</td><td><a href="#m25"><b>test2</b> (Sanity) </a></td><td class="numi">1</td><td>1654747318814</td><td class="numi">0</td></tr>
<tr class="passedeven"><td>Assertion</td><td><a href="#m26"><b>t4</b> (Sanity) </a></td><td class="numi">1</td><td>1654747318799</td><td class="numi">0</td></tr>
<tr class="passedodd"><td>TestCases</td><td><a href="#m27"><b>test1</b> (Regression) </a></td><td class="numi">1</td><td>1654747318813</td><td class="numi">0</td></tr>
</table>
<h1>listners check</h1>
<h2 id="m1">DemoListners.ListnedTestCases:FailCase</h2>
<div>
<div class="stacktrace">java.lang.AssertionError: expected [3] but found [2]
	at DemoListners.ListnedTestCases.FailCase(ListnedTestCases.java:16)
	at java.base/java.util.ArrayList.forEach(ArrayList.java:1541)
	at com.intellij.rt.testng.IDEARemoteTestNG.run(IDEARemoteTestNG.java:66)
	at com.intellij.rt.testng.RemoteTestNGStarter.main(RemoteTestNGStarter.java:109)
... Removed 31 stack frames</div>
</div>
<p class="totop"><a href="#summary">back to summary</a></p>
<h2 id="m2">DemoListners.ListnedTestCases:SkippedCase</h2>
<div>
<div class="stacktrace">org.testng.SkipException: The case is skipped
	at DemoListners.ListnedTestCases.SkippedCase(ListnedTestCases.java:22)
	at java.base/java.util.ArrayList.forEach(ArrayList.java:1541)
	at com.intellij.rt.testng.IDEARemoteTestNG.run(IDEARemoteTestNG.java:66)
	at com.intellij.rt.testng.RemoteTestNGStarter.main(RemoteTestNGStarter.java:109)
... Removed 25 stack frames</div>
</div>
<p class="totop"><a href="#summary">back to summary</a></p>
<h2 id="m3">DemoListners.ListnedTestCases:DtProvide</h2>
<table cellspacing="0" cellpadding="0" class="result">
<tr class="param"><th>Parameter #1</th></tr>
<tr class="param stripe"><td>s2</td>
</tr>
</table>
<p class="totop"><a href="#summary">back to summary</a></p>
<h2 id="m4">DemoListners.ListnedTestCases:DtProvide</h2>
<table cellspacing="0" cellpadding="0" class="result">
<tr class="param"><th>Parameter #1</th></tr>
<tr class="param stripe"><td>s1</td>
</tr>
</table>
<p class="totop"><a href="#summary">back to summary</a></p>
<h2 id="m5">DemoListners.ListnedTestCases:SuccessCase</h2>
<p class="totop"><a href="#summary">back to summary</a></p>
<h1>Parameterised tests</h1>
<h2 id="m6">ParameterAnnotataion:login</h2>
<table cellspacing="0" cellpadding="0" class="result">
<tr class="param"><th>Parameter #1</th><th>Parameter #2</th></tr>
<tr class="param stripe"><td>Aniketcorp1995@gmail.com</td>
<td>Aniket@123</td>
</tr>
</table>
<p class="totop"><a href="#summary">back to summary</a></p>
<h2 id="m7">ParameterAnnotataion:Product</h2>
<table cellspacing="0" cellpadding="0" class="result">
<tr class="param"><th>Parameter #1</th></tr>
<tr class="param stripe"><td>Mobile Phone</td>
</tr>
</table>
<p class="totop"><a href="#summary">back to summary</a></p>
<h1>group wise execution</h1>
<h2 id="m8">Grouping:t5</h2>
<p class="totop"><a href="#summary">back to summary</a></p>
<h2 id="m9">Grouping:t3</h2>
<p class="totop"><a href="#summary">back to summary</a></p>
<h2 id="m10">Grouping:t4</h2>
<p class="totop"><a href="#summary">back to summary</a></p>
<h1>group wise execution</h1>
<h2 id="m11">TestCases2:TC1</h2>
<p class="totop"><a href="#summary">back to summary</a></p>
<h2 id="m12">Assertion:t1</h2>
<p class="totop"><a href="#summary">back to summary</a></p>
<h2 id="m13">Assertion:t2</h2>
<p class="totop"><a href="#summary">back to summary</a></p>
<h2 id="m14">Assertion:t5</h2>
<p class="totop"><a href="#summary">back to summary</a></p>
<h2 id="m15">TestCases:test1</h2>
<p class="totop"><a href="#summary">back to summary</a></p>
<h1>all class execution</h1>
<h2 id="m16">SoftAssertion:sat2</h2>
<div>
<div class="stacktrace">java.lang.AssertionError: The following asserts failed:
	expected [true] but found [false]
	at SoftAssertion.sat2(SoftAssertion.java:40)
	at java.base/java.util.ArrayList.forEach(ArrayList.java:1541)
	at com.intellij.rt.testng.IDEARemoteTestNG.run(IDEARemoteTestNG.java:66)
	at com.intellij.rt.testng.RemoteTestNGStarter.main(RemoteTestNGStarter.java:109)
... Removed 27 stack frames</div>
</div>
<p class="totop"><a href="#summary">back to summary</a></p>
<h2 id="m17">SoftAssertion:sat1</h2>
<div>
<div class="stacktrace">java.lang.AssertionError: The following asserts failed:
	expected [nagar] but found [pune],
	This is interger comparison assertion expected [20] but found [10],
	expected [true] but found [false]
	at SoftAssertion.sat1(SoftAssertion.java:27)
	at java.base/java.util.ArrayList.forEach(ArrayList.java:1541)
	at com.intellij.rt.testng.IDEARemoteTestNG.run(IDEARemoteTestNG.java:66)
	at com.intellij.rt.testng.RemoteTestNGStarter.main(RemoteTestNGStarter.java:109)
... Removed 27 stack frames</div>
</div>
<p class="totop"><a href="#summary">back to summary</a></p>
<h2 id="m18">SkipTestCases:SkipMethod2</h2>
<div>
<div class="stacktrace">org.testng.SkipException: This case is intentionaly skipped
	at SkipTestCases.SkipMethod2(SkipTestCases.java:17)
	at java.base/java.util.ArrayList.forEach(ArrayList.java:1541)
	at com.intellij.rt.testng.IDEARemoteTestNG.run(IDEARemoteTestNG.java:66)
	at com.intellij.rt.testng.RemoteTestNGStarter.main(RemoteTestNGStarter.java:109)
... Removed 25 stack frames</div>
</div>
<p class="totop"><a href="#summary">back to summary</a></p>
<h2 id="m19">Assertion:t5</h2>
<p class="totop"><a href="#summary">back to summary</a></p>
<h2 id="m20">Assertion:t1</h2>
<p class="totop"><a href="#summary">back to summary</a></p>
<h2 id="m21">TestCases2:TC2</h2>
<p class="totop"><a href="#summary">back to summary</a></p>
<h2 id="m22">Assertion:t2</h2>
<p class="totop"><a href="#summary">back to summary</a></p>
<h2 id="m23">Assertion:t3</h2>
<p class="totop"><a href="#summary">back to summary</a></p>
<h2 id="m24">TestCases2:TC1</h2>
<p class="totop"><a href="#summary">back to summary</a></p>
<h2 id="m25">TestCases:test2</h2>
<p class="totop"><a href="#summary">back to summary</a></p>
<h2 id="m26">Assertion:t4</h2>
<p class="totop"><a href="#summary">back to summary</a></p>
<h2 id="m27">TestCases:test1</h2>
<p class="totop"><a href="#summary">back to summary</a></p>
</body></html>
